13:12:06.617084 call         4 def main():
13:12:06.618558 line         5     Sd = input()
New var:....... Sd = '?tc????s'
13:12:06.619590 line         6     T  = input()
New var:....... T = 'coder'
13:12:06.620593 line         7     cand = []
New var:....... cand = []
13:12:06.621084 line         8     lent = len(T)
New var:....... lent = 5
13:12:06.622567 line        10     for idx in range(len(Sd)-lent+1):
New var:....... idx = 0
13:12:06.623570 line        11         p = 0
New var:....... p = 0
13:12:06.624573 line        12         while p < lent:
13:12:06.625074 line        13             if Sd[idx+p] != T[p] and Sd[idx+p] != "?":
13:12:06.625575 line        16             if p == lent - 1:
13:12:06.626077 line        26             p += 1        
Modified var:.. p = 1
13:12:06.629098 line        12         while p < lent:
13:12:06.630087 line        13             if Sd[idx+p] != T[p] and Sd[idx+p] != "?":
13:12:06.631094 line        14                 break
13:12:06.632093 line        10     for idx in range(len(Sd)-lent+1):
Modified var:.. idx = 1
13:12:06.633097 line        11         p = 0
Modified var:.. p = 0
13:12:06.634099 line        12         while p < lent:
13:12:06.634600 line        13             if Sd[idx+p] != T[p] and Sd[idx+p] != "?":
13:12:06.635102 line        14                 break
13:12:06.635608 line        10     for idx in range(len(Sd)-lent+1):
Modified var:.. idx = 2
13:12:06.636605 line        11         p = 0
13:12:06.637107 line        12         while p < lent:
13:12:06.637608 line        13             if Sd[idx+p] != T[p] and Sd[idx+p] != "?":
13:12:06.638111 line        16             if p == lent - 1:
13:12:06.638626 line        26             p += 1        
Modified var:.. p = 1
13:12:06.639614 line        12         while p < lent:
13:12:06.640115 line        13             if Sd[idx+p] != T[p] and Sd[idx+p] != "?":
13:12:06.640616 line        16             if p == lent - 1:
13:12:06.641118 line        26             p += 1        
Modified var:.. p = 2
13:12:06.642120 line        12         while p < lent:
13:12:06.642621 line        13             if Sd[idx+p] != T[p] and Sd[idx+p] != "?":
13:12:06.643123 line        16             if p == lent - 1:
13:12:06.644125 line        26             p += 1        
Modified var:.. p = 3
13:12:06.645129 line        12         while p < lent:
13:12:06.646131 line        13             if Sd[idx+p] != T[p] and Sd[idx+p] != "?":
13:12:06.646633 line        16             if p == lent - 1:
13:12:06.647635 line        26             p += 1        
Modified var:.. p = 4
13:12:06.649138 line        12         while p < lent:
13:12:06.649640 line        13             if Sd[idx+p] != T[p] and Sd[idx+p] != "?":
13:12:06.650141 line        16             if p == lent - 1:
13:12:06.651146 line        17                 can = ""
New var:....... can = ''
13:12:06.652148 line        18                 if idx > 0: can = Sd[:idx]
Modified var:.. can = '?t'
13:12:06.653652 line        19                 can += T
Modified var:.. can = '?tcoder'
13:12:06.654653 line        20                 print(idx + lent)
13:12:06.655657 line        21                 print(len(Sd))
13:12:06.656659 line        22                 if idx + lent < len(Sd) - 1:
13:12:06.657163 line        24                 can.replace("?","a")
13:12:06.658163 line        25                 cand.append(can)
Modified var:.. cand = ['?tcoder']
13:12:06.659167 line        26             p += 1        
Modified var:.. p = 5
13:12:06.660671 line        12         while p < lent:
13:12:06.661172 line        10     for idx in range(len(Sd)-lent+1):
Modified var:.. idx = 3
13:12:06.662674 line        11         p = 0
Modified var:.. p = 0
13:12:06.664179 line        12         while p < lent:
13:12:06.665182 line        13             if Sd[idx+p] != T[p] and Sd[idx+p] != "?":
13:12:06.665683 line        16             if p == lent - 1:
13:12:06.666185 line        26             p += 1        
Modified var:.. p = 1
13:12:06.667188 line        12         while p < lent:
13:12:06.667689 line        13             if Sd[idx+p] != T[p] and Sd[idx+p] != "?":
13:12:06.668190 line        16             if p == lent - 1:
13:12:06.669192 line        26             p += 1        
Modified var:.. p = 2
13:12:06.670196 line        12         while p < lent:
13:12:06.670697 line        13             if Sd[idx+p] != T[p] and Sd[idx+p] != "?":
13:12:06.671199 line        16             if p == lent - 1:
13:12:06.671700 line        26             p += 1        
Modified var:.. p = 3
13:12:06.672701 line        12         while p < lent:
13:12:06.673204 line        13             if Sd[idx+p] != T[p] and Sd[idx+p] != "?":
13:12:06.673705 line        16             if p == lent - 1:
13:12:06.674206 line        26             p += 1        
Modified var:.. p = 4
13:12:06.675711 line        12         while p < lent:
13:12:06.676212 line        13             if Sd[idx+p] != T[p] and Sd[idx+p] != "?":
13:12:06.676711 line        14                 break
13:12:06.677212 line        10     for idx in range(len(Sd)-lent+1):
13:12:06.677714 line        27     cand.sort()
13:12:06.678217 line        28     print(cand[0])
13:12:06.680222 return      28     print(cand[0])
Return value:.. None
13:12:45.138423 call         4 def main():
13:12:45.138423 line         5     Sd = input()
New var:....... Sd = '?tc????s'
13:12:45.150423 line         6     T  = input()
New var:....... T = 'coder'
13:12:45.154422 line         7     cand = []
New var:....... cand = []
13:12:45.158743 line         8     lent = len(T)
New var:....... lent = 5
13:12:45.158743 line        10     for idx in range(len(Sd)-lent+1):
New var:....... idx = 0
13:12:45.158743 line        11         p = 0
New var:....... p = 0
13:12:45.158743 line        12         while p < lent:
13:12:45.158743 line        13             if Sd[idx+p] != T[p] and Sd[idx+p] != "?":
13:12:45.158743 line        16             if p == lent - 1:
13:12:45.158743 line        26             p += 1        
Modified var:.. p = 1
13:12:45.158743 line        12         while p < lent:
13:12:45.158743 line        13             if Sd[idx+p] != T[p] and Sd[idx+p] != "?":
13:12:45.158743 line        14                 break
13:12:45.158743 line        10     for idx in range(len(Sd)-lent+1):
Modified var:.. idx = 1
13:12:45.158743 line        11         p = 0
Modified var:.. p = 0
13:12:45.174369 line        12         while p < lent:
13:12:45.174369 line        13             if Sd[idx+p] != T[p] and Sd[idx+p] != "?":
13:12:45.174369 line        14                 break
13:12:45.174369 line        10     for idx in range(len(Sd)-lent+1):
Modified var:.. idx = 2
13:12:45.174369 line        11         p = 0
13:12:45.174369 line        12         while p < lent:
13:12:45.174369 line        13             if Sd[idx+p] != T[p] and Sd[idx+p] != "?":
13:12:45.174369 line        16             if p == lent - 1:
13:12:45.174369 line        26             p += 1        
Modified var:.. p = 1
13:12:45.174369 line        12         while p < lent:
13:12:45.174369 line        13             if Sd[idx+p] != T[p] and Sd[idx+p] != "?":
13:12:45.174369 line        16             if p == lent - 1:
13:12:45.174369 line        26             p += 1        
Modified var:.. p = 2
13:12:45.174369 line        12         while p < lent:
13:12:45.174369 line        13             if Sd[idx+p] != T[p] and Sd[idx+p] != "?":
13:12:45.174369 line        16             if p == lent - 1:
13:12:45.174369 line        26             p += 1        
Modified var:.. p = 3
13:12:45.189995 line        12         while p < lent:
13:12:45.189995 line        13             if Sd[idx+p] != T[p] and Sd[idx+p] != "?":
13:12:45.189995 line        16             if p == lent - 1:
13:12:45.189995 line        26             p += 1        
Modified var:.. p = 4
13:12:45.189995 line        12         while p < lent:
13:12:45.189995 line        13             if Sd[idx+p] != T[p] and Sd[idx+p] != "?":
13:12:45.189995 line        16             if p == lent - 1:
13:12:45.189995 line        17                 can = ""
New var:....... can = ''
13:12:45.189995 line        18                 if idx > 0: can = Sd[:idx]
Modified var:.. can = '?t'
13:12:45.189995 line        19                 can += T
Modified var:.. can = '?tcoder'
13:12:45.189995 line        20                 print(idx + lent)
13:12:45.189995 line        21                 print(len(Sd))
13:12:45.189995 line        22                 if idx + lent < len(Sd):
13:12:45.189995 line        23                     can += Sd[(idx+lent-1):]
Modified var:.. can = '?tcoder?s'
13:12:45.189995 line        24                 can.replace("?","a")
13:12:45.206440 line        25                 cand.append(can)
Modified var:.. cand = ['?tcoder?s']
13:12:45.210440 line        26             p += 1        
Modified var:.. p = 5
13:12:45.214440 line        12         while p < lent:
13:12:45.214440 line        10     for idx in range(len(Sd)-lent+1):
Modified var:.. idx = 3
13:12:45.218439 line        11         p = 0
Modified var:.. p = 0
13:12:45.218439 line        12         while p < lent:
13:12:45.218439 line        13             if Sd[idx+p] != T[p] and Sd[idx+p] != "?":
13:12:45.222439 line        16             if p == lent - 1:
13:12:45.226440 line        26             p += 1        
Modified var:.. p = 1
13:12:45.242439 line        12         while p < lent:
13:12:45.242439 line        13             if Sd[idx+p] != T[p] and Sd[idx+p] != "?":
13:12:45.246439 line        16             if p == lent - 1:
13:12:45.246439 line        26             p += 1        
Modified var:.. p = 2
13:12:45.262439 line        12         while p < lent:
13:12:45.262439 line        13             if Sd[idx+p] != T[p] and Sd[idx+p] != "?":
13:12:45.262439 line        16             if p == lent - 1:
13:12:45.262439 line        26             p += 1        
Modified var:.. p = 3
13:12:45.266440 line        12         while p < lent:
13:12:45.266440 line        13             if Sd[idx+p] != T[p] and Sd[idx+p] != "?":
13:12:45.266440 line        16             if p == lent - 1:
13:12:45.266440 line        26             p += 1        
Modified var:.. p = 4
13:12:45.270439 line        12         while p < lent:
13:12:45.270439 line        13             if Sd[idx+p] != T[p] and Sd[idx+p] != "?":
13:12:45.270439 line        14                 break
13:12:45.274439 line        10     for idx in range(len(Sd)-lent+1):
13:12:45.274439 line        27     cand.sort()
13:12:45.274439 line        28     print(cand[0])
13:12:45.274439 return      28     print(cand[0])
Return value:.. None
13:13:00.560041 call         4 def main():
13:13:00.560041 line         5     Sd = input()
New var:....... Sd = '?tc????s'
13:13:00.581458 line         6     T  = input()
New var:....... T = 'coder'
13:13:00.585457 line         7     cand = []
New var:....... cand = []
13:13:00.585457 line         8     lent = len(T)
New var:....... lent = 5
13:13:00.589558 line        10     for idx in range(len(Sd)-lent+1):
New var:....... idx = 0
13:13:00.589558 line        11         p = 0
New var:....... p = 0
13:13:00.589558 line        12         while p < lent:
13:13:00.589558 line        13             if Sd[idx+p] != T[p] and Sd[idx+p] != "?":
13:13:00.589558 line        16             if p == lent - 1:
13:13:00.589558 line        26             p += 1        
Modified var:.. p = 1
13:13:00.589558 line        12         while p < lent:
13:13:00.589558 line        13             if Sd[idx+p] != T[p] and Sd[idx+p] != "?":
13:13:00.589558 line        14                 break
13:13:00.589558 line        10     for idx in range(len(Sd)-lent+1):
Modified var:.. idx = 1
13:13:00.589558 line        11         p = 0
Modified var:.. p = 0
13:13:00.589558 line        12         while p < lent:
13:13:00.589558 line        13             if Sd[idx+p] != T[p] and Sd[idx+p] != "?":
13:13:00.589558 line        14                 break
13:13:00.589558 line        10     for idx in range(len(Sd)-lent+1):
Modified var:.. idx = 2
13:13:00.589558 line        11         p = 0
13:13:00.589558 line        12         while p < lent:
13:13:00.589558 line        13             if Sd[idx+p] != T[p] and Sd[idx+p] != "?":
13:13:00.589558 line        16             if p == lent - 1:
13:13:00.589558 line        26             p += 1        
Modified var:.. p = 1
13:13:00.589558 line        12         while p < lent:
13:13:00.605185 line        13             if Sd[idx+p] != T[p] and Sd[idx+p] != "?":
13:13:00.605185 line        16             if p == lent - 1:
13:13:00.605185 line        26             p += 1        
Modified var:.. p = 2
13:13:00.605185 line        12         while p < lent:
13:13:00.605185 line        13             if Sd[idx+p] != T[p] and Sd[idx+p] != "?":
13:13:00.605185 line        16             if p == lent - 1:
13:13:00.605185 line        26             p += 1        
Modified var:.. p = 3
13:13:00.605185 line        12         while p < lent:
13:13:00.605185 line        13             if Sd[idx+p] != T[p] and Sd[idx+p] != "?":
13:13:00.605185 line        16             if p == lent - 1:
13:13:00.605185 line        26             p += 1        
Modified var:.. p = 4
13:13:00.605185 line        12         while p < lent:
13:13:00.605185 line        13             if Sd[idx+p] != T[p] and Sd[idx+p] != "?":
13:13:00.605185 line        16             if p == lent - 1:
13:13:00.605185 line        17                 can = ""
New var:....... can = ''
13:13:00.620811 line        18                 if idx > 0: can = Sd[:idx]
Modified var:.. can = '?t'
13:13:00.620811 line        19                 can += T
Modified var:.. can = '?tcoder'
13:13:00.620811 line        20                 print(idx + lent)
13:13:00.620811 line        21                 print(len(Sd))
13:13:00.620811 line        22                 if idx + lent < len(Sd):
13:13:00.620811 line        23                     can += Sd[(idx+lent):]
Modified var:.. can = '?tcoders'
13:13:00.629295 line        24                 can.replace("?","a")
13:13:00.629295 line        25                 cand.append(can)
Modified var:.. cand = ['?tcoders']
13:13:00.633294 line        26             p += 1        
Modified var:.. p = 5
13:13:00.633294 line        12         while p < lent:
13:13:00.633294 line        10     for idx in range(len(Sd)-lent+1):
Modified var:.. idx = 3
13:13:00.633294 line        11         p = 0
Modified var:.. p = 0
13:13:00.637294 line        12         while p < lent:
13:13:00.637294 line        13             if Sd[idx+p] != T[p] and Sd[idx+p] != "?":
13:13:00.637294 line        16             if p == lent - 1:
13:13:00.637294 line        26             p += 1        
Modified var:.. p = 1
13:13:00.641293 line        12         while p < lent:
13:13:00.641293 line        13             if Sd[idx+p] != T[p] and Sd[idx+p] != "?":
13:13:00.641293 line        16             if p == lent - 1:
13:13:00.649294 line        26             p += 1        
Modified var:.. p = 2
13:13:00.649294 line        12         while p < lent:
13:13:00.649294 line        13             if Sd[idx+p] != T[p] and Sd[idx+p] != "?":
13:13:00.653294 line        16             if p == lent - 1:
13:13:00.653294 line        26             p += 1        
Modified var:.. p = 3
13:13:00.657293 line        12         while p < lent:
13:13:00.657293 line        13             if Sd[idx+p] != T[p] and Sd[idx+p] != "?":
13:13:00.661294 line        16             if p == lent - 1:
13:13:00.661294 line        26             p += 1        
Modified var:.. p = 4
13:13:00.661294 line        12         while p < lent:
13:13:00.661294 line        13             if Sd[idx+p] != T[p] and Sd[idx+p] != "?":
13:13:00.665294 line        14                 break
13:13:00.665294 line        10     for idx in range(len(Sd)-lent+1):
13:13:00.665294 line        27     cand.sort()
13:13:00.665294 line        28     print(cand[0])
13:13:00.673293 return      28     print(cand[0])
Return value:.. None
13:13:58.140435 call         4 def main():
13:13:58.140435 line         5     Sd = input()
New var:....... Sd = '?tc????s'
13:13:58.140435 line         6     T  = input()
New var:....... T = 'coder'
13:13:58.156061 line         7     cand = []
New var:....... cand = []
13:13:58.156061 line         8     lent = len(T)
New var:....... lent = 5
13:13:58.156061 line        10     for idx in range(len(Sd)-lent+1):
New var:....... idx = 0
13:13:58.156061 line        11         p = 0
New var:....... p = 0
13:13:58.156061 line        12         while p < lent:
13:13:58.156061 line        13             if Sd[idx+p] != T[p] and Sd[idx+p] != "?":
13:13:58.156061 line        16             if p == lent - 1:
13:13:58.156061 line        25             p += 1        
Modified var:.. p = 1
13:13:58.156061 line        12         while p < lent:
13:13:58.156061 line        13             if Sd[idx+p] != T[p] and Sd[idx+p] != "?":
13:13:58.156061 line        14                 break
13:13:58.156061 line        10     for idx in range(len(Sd)-lent+1):
Modified var:.. idx = 1
13:13:58.156061 line        11         p = 0
Modified var:.. p = 0
13:13:58.156061 line        12         while p < lent:
13:13:58.156061 line        13             if Sd[idx+p] != T[p] and Sd[idx+p] != "?":
13:13:58.156061 line        14                 break
13:13:58.156061 line        10     for idx in range(len(Sd)-lent+1):
Modified var:.. idx = 2
13:13:58.156061 line        11         p = 0
13:13:58.171688 line        12         while p < lent:
13:13:58.171688 line        13             if Sd[idx+p] != T[p] and Sd[idx+p] != "?":
13:13:58.171688 line        16             if p == lent - 1:
13:13:58.171688 line        25             p += 1        
Modified var:.. p = 1
13:13:58.171688 line        12         while p < lent:
13:13:58.171688 line        13             if Sd[idx+p] != T[p] and Sd[idx+p] != "?":
13:13:58.171688 line        16             if p == lent - 1:
13:13:58.171688 line        25             p += 1        
Modified var:.. p = 2
13:13:58.171688 line        12         while p < lent:
13:13:58.171688 line        13             if Sd[idx+p] != T[p] and Sd[idx+p] != "?":
13:13:58.171688 line        16             if p == lent - 1:
13:13:58.171688 line        25             p += 1        
Modified var:.. p = 3
13:13:58.171688 line        12         while p < lent:
13:13:58.171688 line        13             if Sd[idx+p] != T[p] and Sd[idx+p] != "?":
13:13:58.171688 line        16             if p == lent - 1:
13:13:58.171688 line        25             p += 1        
Modified var:.. p = 4
13:13:58.171688 line        12         while p < lent:
13:13:58.171688 line        13             if Sd[idx+p] != T[p] and Sd[idx+p] != "?":
13:13:58.171688 line        16             if p == lent - 1:
13:13:58.171688 line        17                 can = ""
New var:....... can = ''
13:13:58.171688 line        18                 if idx > 0: can = Sd[:idx]
Modified var:.. can = '?t'
13:13:58.171688 line        19                 can += T
Modified var:.. can = '?tcoder'
13:13:58.187684 line        20                 print(idx + lent)
13:13:58.187684 line        21                 print(len(Sd))
13:13:58.187684 line        22                 if idx + lent < len(Sd):
13:13:58.187684 line        23                     can += Sd[(idx+lent):]
Modified var:.. can = '?tcoders'
13:13:58.191683 line        24                 cand.append(can.replace("?","a"))
Modified var:.. cand = ['atcoders']
13:13:58.191683 line        25             p += 1        
Modified var:.. p = 5
13:13:58.191683 line        12         while p < lent:
13:13:58.191683 line        10     for idx in range(len(Sd)-lent+1):
Modified var:.. idx = 3
13:13:58.191683 line        11         p = 0
Modified var:.. p = 0
13:13:58.195683 line        12         while p < lent:
13:13:58.195683 line        13             if Sd[idx+p] != T[p] and Sd[idx+p] != "?":
13:13:58.195683 line        16             if p == lent - 1:
13:13:58.195683 line        25             p += 1        
Modified var:.. p = 1
13:13:58.199684 line        12         while p < lent:
13:13:58.199684 line        13             if Sd[idx+p] != T[p] and Sd[idx+p] != "?":
13:13:58.199684 line        16             if p == lent - 1:
13:13:58.199684 line        25             p += 1        
Modified var:.. p = 2
13:13:58.203683 line        12         while p < lent:
13:13:58.203683 line        13             if Sd[idx+p] != T[p] and Sd[idx+p] != "?":
13:13:58.203683 line        16             if p == lent - 1:
13:13:58.207683 line        25             p += 1        
Modified var:.. p = 3
13:13:58.207683 line        12         while p < lent:
13:13:58.207683 line        13             if Sd[idx+p] != T[p] and Sd[idx+p] != "?":
13:13:58.207683 line        16             if p == lent - 1:
13:13:58.207683 line        25             p += 1        
Modified var:.. p = 4
13:13:58.211683 line        12         while p < lent:
13:13:58.211683 line        13             if Sd[idx+p] != T[p] and Sd[idx+p] != "?":
13:13:58.211683 line        14                 break
13:13:58.211683 line        10     for idx in range(len(Sd)-lent+1):
13:13:58.211683 line        26     cand.sort()
13:13:58.211683 line        27     print(cand[0])
13:13:58.211683 return      27     print(cand[0])
Return value:.. None
